<html>
<head>
<title>TestNG:  Test</title>
<link href="../testng.css" rel="stylesheet" type="text/css" />
<link href="../my-testng.css" rel="stylesheet" type="text/css" />

<style type="text/css">
.log { display: none;} 
.stack-trace { display: none;} 
</style>
<script type="text/javascript">
<!--
function flip(e) {
  current = e.style.display;
  if (current == 'block') {
    e.style.display = 'none';
    return 0;
  }
  else {
    e.style.display = 'block';
    return 1;
  }
}

function toggleBox(szDivId, elem, msg1, msg2)
{
  var res = -1;  if (document.getElementById) {
    res = flip(document.getElementById(szDivId));
  }
  else if (document.all) {
    // this is the way old msie versions work
    res = flip(document.all[szDivId]);
  }
  if(elem) {
    if(res == 0) elem.innerHTML = msg1; else elem.innerHTML = msg2;
  }

}

function toggleAllBoxes() {
  if (document.getElementsByTagName) {
    d = document.getElementsByTagName('div');
    for (i = 0; i < d.length; i++) {
      if (d[i].className == 'log') {
        flip(d[i]);
      }
    }
  }
}

// -->
</script>

</head>
<body>
<h2 align='center'>Test</h2><table border='1' align="center">
<tr>
<td>Tests passed/Failed/Skipped:</td><td>0/11/0</td>
</tr><tr>
<td>Started on:</td><td>Tue Jan 18 16:16:40 IST 2022</td>
</tr>
<tr><td>Total time:</td><td>4 seconds (4026 ms)</td>
</tr><tr>
<td>Included groups:</td><td></td>
</tr><tr>
<td>Excluded groups:</td><td></td>
</tr>
</table><p/>
<small><i>(Hover the method name to see the test class name)</i></small><p/>
<table width='100%' border='1' class='invocation-failed'>
<tr><td colspan='4' align='center'><b>FAILED TESTS</b></td></tr>
<tr><td><b>Test method</b></td>
<td width="30%"><b>Exception</b></td>
<td width="10%"><b>Time (seconds)</b></td>
<td><b>Instance</b></td>
</tr>
<tr>
<td title='com.mindtree.runner.TestRunner.runScenario()'><b>runScenario</b><br>Test class: com.mindtree.runner.TestRunner<br>Test method: Runs Cucumber Scenarios<br>Parameters: "Airport cab services", "Optional[Airport]"</td>
<td><div><pre>java.lang.IllegalStateException: The driver executable does not exist: C:\Users\Kiran\Downloads\MilestoneAssesmentt4\MilestoneAssesmentt4\driver\chromedriver.exe
	at com.google.common.base.Preconditions.checkState(Preconditions.java:585)
	at org.openqa.selenium.remote.service.DriverService.checkExecutable(DriverService.java:146)
	at org.openqa.selenium.remote.service.DriverService.findExecutable(DriverService.java:141)
	at org.openqa.selenium.chrome.ChromeDriverService.access$000(ChromeDriverService.java:35)
	at org.openqa.selenium.chrome.ChromeDriverService$Builder.findDefaultExecutable(ChromeDriverService.java:159)
	at org.openqa.selenium.remote.service.DriverService$Builder.build(DriverService.java:355)
	at org.openqa.selenium.chrome.ChromeDriverService.createDefaultService(ChromeDriverService.java:94)
	at org.openqa.selenium.chrome.ChromeDriver.&lt;init&gt;(ChromeDriver.java:123)
	at com.mindtree.manager.WebDriverManager.getDriver(WebDriverManager.java:29)
	at com.mindtree.stepDefination.Hooks.startUp(Hooks.java:27)
</pre></div><a href='#' onClick='toggleBox("stack-trace639105046", this, "Click to show all stack frames", "Click to hide stack frames")'>Click to show all stack frames</a>
<div class='stack-trace' id='stack-trace639105046'><pre>java.lang.IllegalStateException: The driver executable does not exist: C:\Users\Kiran\Downloads\MilestoneAssesmentt4\MilestoneAssesmentt4\driver\chromedriver.exe
	at com.google.common.base.Preconditions.checkState(Preconditions.java:585)
	at org.openqa.selenium.remote.service.DriverService.checkExecutable(DriverService.java:146)
	at org.openqa.selenium.remote.service.DriverService.findExecutable(DriverService.java:141)
	at org.openqa.selenium.chrome.ChromeDriverService.access$000(ChromeDriverService.java:35)
	at org.openqa.selenium.chrome.ChromeDriverService$Builder.findDefaultExecutable(ChromeDriverService.java:159)
	at org.openqa.selenium.remote.service.DriverService$Builder.build(DriverService.java:355)
	at org.openqa.selenium.chrome.ChromeDriverService.createDefaultService(ChromeDriverService.java:94)
	at org.openqa.selenium.chrome.ChromeDriver.&lt;init&gt;(ChromeDriver.java:123)
	at com.mindtree.manager.WebDriverManager.getDriver(WebDriverManager.java:29)
	at com.mindtree.stepDefination.Hooks.startUp(Hooks.java:27)
</pre></div></td>
<td>0</td>
<td>com.mindtree.runner.TestRunner@2cdd0d4b</td></tr>
<tr>
<td title='com.mindtree.runner.TestRunner.runScenario()'><b>runScenario</b><br>Test class: com.mindtree.runner.TestRunner<br>Test method: Runs Cucumber Scenarios<br>Parameters: "Airport cab services", "Optional[Airport]"</td>
<td><div><pre>java.lang.IllegalStateException: The driver executable does not exist: C:\Users\Kiran\Downloads\MilestoneAssesmentt4\MilestoneAssesmentt4\driver\chromedriver.exe
	at com.google.common.base.Preconditions.checkState(Preconditions.java:585)
	at org.openqa.selenium.remote.service.DriverService.checkExecutable(DriverService.java:146)
	at org.openqa.selenium.remote.service.DriverService.findExecutable(DriverService.java:141)
	at org.openqa.selenium.chrome.ChromeDriverService.access$000(ChromeDriverService.java:35)
	at org.openqa.selenium.chrome.ChromeDriverService$Builder.findDefaultExecutable(ChromeDriverService.java:159)
	at org.openqa.selenium.remote.service.DriverService$Builder.build(DriverService.java:355)
	at org.openqa.selenium.chrome.ChromeDriverService.createDefaultService(ChromeDriverService.java:94)
	at org.openqa.selenium.chrome.ChromeDriver.&lt;init&gt;(ChromeDriver.java:123)
	at com.mindtree.manager.WebDriverManager.getDriver(WebDriverManager.java:29)
	at com.mindtree.stepDefination.Hooks.startUp(Hooks.java:27)
</pre></div><a href='#' onClick='toggleBox("stack-trace353206468", this, "Click to show all stack frames", "Click to hide stack frames")'>Click to show all stack frames</a>
<div class='stack-trace' id='stack-trace353206468'><pre>java.lang.IllegalStateException: The driver executable does not exist: C:\Users\Kiran\Downloads\MilestoneAssesmentt4\MilestoneAssesmentt4\driver\chromedriver.exe
	at com.google.common.base.Preconditions.checkState(Preconditions.java:585)
	at org.openqa.selenium.remote.service.DriverService.checkExecutable(DriverService.java:146)
	at org.openqa.selenium.remote.service.DriverService.findExecutable(DriverService.java:141)
	at org.openqa.selenium.chrome.ChromeDriverService.access$000(ChromeDriverService.java:35)
	at org.openqa.selenium.chrome.ChromeDriverService$Builder.findDefaultExecutable(ChromeDriverService.java:159)
	at org.openqa.selenium.remote.service.DriverService$Builder.build(DriverService.java:355)
	at org.openqa.selenium.chrome.ChromeDriverService.createDefaultService(ChromeDriverService.java:94)
	at org.openqa.selenium.chrome.ChromeDriver.&lt;init&gt;(ChromeDriver.java:123)
	at com.mindtree.manager.WebDriverManager.getDriver(WebDriverManager.java:29)
	at com.mindtree.stepDefination.Hooks.startUp(Hooks.java:27)
</pre></div></td>
<td>0</td>
<td>com.mindtree.runner.TestRunner@2cdd0d4b</td></tr>
<tr>
<td title='com.mindtree.runner.TestRunner.runScenario()'><b>runScenario</b><br>Test class: com.mindtree.runner.TestRunner<br>Test method: Runs Cucumber Scenarios<br>Parameters: "Title of homepage validation", "Optional[Homepage]"</td>
<td><div><pre>java.lang.IllegalStateException: The driver executable does not exist: C:\Users\Kiran\Downloads\MilestoneAssesmentt4\MilestoneAssesmentt4\driver\chromedriver.exe
	at com.google.common.base.Preconditions.checkState(Preconditions.java:585)
	at org.openqa.selenium.remote.service.DriverService.checkExecutable(DriverService.java:146)
	at org.openqa.selenium.remote.service.DriverService.findExecutable(DriverService.java:141)
	at org.openqa.selenium.chrome.ChromeDriverService.access$000(ChromeDriverService.java:35)
	at org.openqa.selenium.chrome.ChromeDriverService$Builder.findDefaultExecutable(ChromeDriverService.java:159)
	at org.openqa.selenium.remote.service.DriverService$Builder.build(DriverService.java:355)
	at org.openqa.selenium.chrome.ChromeDriverService.createDefaultService(ChromeDriverService.java:94)
	at org.openqa.selenium.chrome.ChromeDriver.&lt;init&gt;(ChromeDriver.java:123)
	at com.mindtree.manager.WebDriverManager.getDriver(WebDriverManager.java:29)
	at com.mindtree.stepDefination.Hooks.startUp(Hooks.java:27)
</pre></div><a href='#' onClick='toggleBox("stack-trace1691629865", this, "Click to show all stack frames", "Click to hide stack frames")'>Click to show all stack frames</a>
<div class='stack-trace' id='stack-trace1691629865'><pre>java.lang.IllegalStateException: The driver executable does not exist: C:\Users\Kiran\Downloads\MilestoneAssesmentt4\MilestoneAssesmentt4\driver\chromedriver.exe
	at com.google.common.base.Preconditions.checkState(Preconditions.java:585)
	at org.openqa.selenium.remote.service.DriverService.checkExecutable(DriverService.java:146)
	at org.openqa.selenium.remote.service.DriverService.findExecutable(DriverService.java:141)
	at org.openqa.selenium.chrome.ChromeDriverService.access$000(ChromeDriverService.java:35)
	at org.openqa.selenium.chrome.ChromeDriverService$Builder.findDefaultExecutable(ChromeDriverService.java:159)
	at org.openqa.selenium.remote.service.DriverService$Builder.build(DriverService.java:355)
	at org.openqa.selenium.chrome.ChromeDriverService.createDefaultService(ChromeDriverService.java:94)
	at org.openqa.selenium.chrome.ChromeDriver.&lt;init&gt;(ChromeDriver.java:123)
	at com.mindtree.manager.WebDriverManager.getDriver(WebDriverManager.java:29)
	at com.mindtree.stepDefination.Hooks.startUp(Hooks.java:27)
</pre></div></td>
<td>0</td>
<td>com.mindtree.runner.TestRunner@2cdd0d4b</td></tr>
<tr>
<td title='com.mindtree.runner.TestRunner.runScenario()'><b>runScenario</b><br>Test class: com.mindtree.runner.TestRunner<br>Test method: Runs Cucumber Scenarios<br>Parameters: "CEO Validation", "Optional[Homepage]"</td>
<td><div><pre>java.lang.IllegalStateException: The driver executable does not exist: C:\Users\Kiran\Downloads\MilestoneAssesmentt4\MilestoneAssesmentt4\driver\chromedriver.exe
	at com.google.common.base.Preconditions.checkState(Preconditions.java:585)
	at org.openqa.selenium.remote.service.DriverService.checkExecutable(DriverService.java:146)
	at org.openqa.selenium.remote.service.DriverService.findExecutable(DriverService.java:141)
	at org.openqa.selenium.chrome.ChromeDriverService.access$000(ChromeDriverService.java:35)
	at org.openqa.selenium.chrome.ChromeDriverService$Builder.findDefaultExecutable(ChromeDriverService.java:159)
	at org.openqa.selenium.remote.service.DriverService$Builder.build(DriverService.java:355)
	at org.openqa.selenium.chrome.ChromeDriverService.createDefaultService(ChromeDriverService.java:94)
	at org.openqa.selenium.chrome.ChromeDriver.&lt;init&gt;(ChromeDriver.java:123)
	at com.mindtree.manager.WebDriverManager.getDriver(WebDriverManager.java:29)
	at com.mindtree.stepDefination.Hooks.startUp(Hooks.java:27)
</pre></div><a href='#' onClick='toggleBox("stack-trace761863997", this, "Click to show all stack frames", "Click to hide stack frames")'>Click to show all stack frames</a>
<div class='stack-trace' id='stack-trace761863997'><pre>java.lang.IllegalStateException: The driver executable does not exist: C:\Users\Kiran\Downloads\MilestoneAssesmentt4\MilestoneAssesmentt4\driver\chromedriver.exe
	at com.google.common.base.Preconditions.checkState(Preconditions.java:585)
	at org.openqa.selenium.remote.service.DriverService.checkExecutable(DriverService.java:146)
	at org.openqa.selenium.remote.service.DriverService.findExecutable(DriverService.java:141)
	at org.openqa.selenium.chrome.ChromeDriverService.access$000(ChromeDriverService.java:35)
	at org.openqa.selenium.chrome.ChromeDriverService$Builder.findDefaultExecutable(ChromeDriverService.java:159)
	at org.openqa.selenium.remote.service.DriverService$Builder.build(DriverService.java:355)
	at org.openqa.selenium.chrome.ChromeDriverService.createDefaultService(ChromeDriverService.java:94)
	at org.openqa.selenium.chrome.ChromeDriver.&lt;init&gt;(ChromeDriver.java:123)
	at com.mindtree.manager.WebDriverManager.getDriver(WebDriverManager.java:29)
	at com.mindtree.stepDefination.Hooks.startUp(Hooks.java:27)
</pre></div></td>
<td>0</td>
<td>com.mindtree.runner.TestRunner@2cdd0d4b</td></tr>
<tr>
<td title='com.mindtree.runner.TestRunner.runScenario()'><b>runScenario</b><br>Test class: com.mindtree.runner.TestRunner<br>Test method: Runs Cucumber Scenarios<br>Parameters: "ContactUs", "Optional[Homepage]"</td>
<td><div><pre>java.lang.IllegalStateException: The driver executable does not exist: C:\Users\Kiran\Downloads\MilestoneAssesmentt4\MilestoneAssesmentt4\driver\chromedriver.exe
	at com.google.common.base.Preconditions.checkState(Preconditions.java:585)
	at org.openqa.selenium.remote.service.DriverService.checkExecutable(DriverService.java:146)
	at org.openqa.selenium.remote.service.DriverService.findExecutable(DriverService.java:141)
	at org.openqa.selenium.chrome.ChromeDriverService.access$000(ChromeDriverService.java:35)
	at org.openqa.selenium.chrome.ChromeDriverService$Builder.findDefaultExecutable(ChromeDriverService.java:159)
	at org.openqa.selenium.remote.service.DriverService$Builder.build(DriverService.java:355)
	at org.openqa.selenium.chrome.ChromeDriverService.createDefaultService(ChromeDriverService.java:94)
	at org.openqa.selenium.chrome.ChromeDriver.&lt;init&gt;(ChromeDriver.java:123)
	at com.mindtree.manager.WebDriverManager.getDriver(WebDriverManager.java:29)
	at com.mindtree.stepDefination.Hooks.startUp(Hooks.java:27)
</pre></div><a href='#' onClick='toggleBox("stack-trace497479191", this, "Click to show all stack frames", "Click to hide stack frames")'>Click to show all stack frames</a>
<div class='stack-trace' id='stack-trace497479191'><pre>java.lang.IllegalStateException: The driver executable does not exist: C:\Users\Kiran\Downloads\MilestoneAssesmentt4\MilestoneAssesmentt4\driver\chromedriver.exe
	at com.google.common.base.Preconditions.checkState(Preconditions.java:585)
	at org.openqa.selenium.remote.service.DriverService.checkExecutable(DriverService.java:146)
	at org.openqa.selenium.remote.service.DriverService.findExecutable(DriverService.java:141)
	at org.openqa.selenium.chrome.ChromeDriverService.access$000(ChromeDriverService.java:35)
	at org.openqa.selenium.chrome.ChromeDriverService$Builder.findDefaultExecutable(ChromeDriverService.java:159)
	at org.openqa.selenium.remote.service.DriverService$Builder.build(DriverService.java:355)
	at org.openqa.selenium.chrome.ChromeDriverService.createDefaultService(ChromeDriverService.java:94)
	at org.openqa.selenium.chrome.ChromeDriver.&lt;init&gt;(ChromeDriver.java:123)
	at com.mindtree.manager.WebDriverManager.getDriver(WebDriverManager.java:29)
	at com.mindtree.stepDefination.Hooks.startUp(Hooks.java:27)
</pre></div></td>
<td>0</td>
<td>com.mindtree.runner.TestRunner@2cdd0d4b</td></tr>
<tr>
<td title='com.mindtree.runner.TestRunner.runScenario()'><b>runScenario</b><br>Test class: com.mindtree.runner.TestRunner<br>Test method: Runs Cucumber Scenarios<br>Parameters: "Local cab services", "Optional[Local path]"</td>
<td><div><pre>java.lang.IllegalStateException: The driver executable does not exist: C:\Users\Kiran\Downloads\MilestoneAssesmentt4\MilestoneAssesmentt4\driver\chromedriver.exe
	at com.google.common.base.Preconditions.checkState(Preconditions.java:585)
	at org.openqa.selenium.remote.service.DriverService.checkExecutable(DriverService.java:146)
	at org.openqa.selenium.remote.service.DriverService.findExecutable(DriverService.java:141)
	at org.openqa.selenium.chrome.ChromeDriverService.access$000(ChromeDriverService.java:35)
	at org.openqa.selenium.chrome.ChromeDriverService$Builder.findDefaultExecutable(ChromeDriverService.java:159)
	at org.openqa.selenium.remote.service.DriverService$Builder.build(DriverService.java:355)
	at org.openqa.selenium.chrome.ChromeDriverService.createDefaultService(ChromeDriverService.java:94)
	at org.openqa.selenium.chrome.ChromeDriver.&lt;init&gt;(ChromeDriver.java:123)
	at com.mindtree.manager.WebDriverManager.getDriver(WebDriverManager.java:29)
	at com.mindtree.stepDefination.Hooks.startUp(Hooks.java:27)
</pre></div><a href='#' onClick='toggleBox("stack-trace810196347", this, "Click to show all stack frames", "Click to hide stack frames")'>Click to show all stack frames</a>
<div class='stack-trace' id='stack-trace810196347'><pre>java.lang.IllegalStateException: The driver executable does not exist: C:\Users\Kiran\Downloads\MilestoneAssesmentt4\MilestoneAssesmentt4\driver\chromedriver.exe
	at com.google.common.base.Preconditions.checkState(Preconditions.java:585)
	at org.openqa.selenium.remote.service.DriverService.checkExecutable(DriverService.java:146)
	at org.openqa.selenium.remote.service.DriverService.findExecutable(DriverService.java:141)
	at org.openqa.selenium.chrome.ChromeDriverService.access$000(ChromeDriverService.java:35)
	at org.openqa.selenium.chrome.ChromeDriverService$Builder.findDefaultExecutable(ChromeDriverService.java:159)
	at org.openqa.selenium.remote.service.DriverService$Builder.build(DriverService.java:355)
	at org.openqa.selenium.chrome.ChromeDriverService.createDefaultService(ChromeDriverService.java:94)
	at org.openqa.selenium.chrome.ChromeDriver.&lt;init&gt;(ChromeDriver.java:123)
	at com.mindtree.manager.WebDriverManager.getDriver(WebDriverManager.java:29)
	at com.mindtree.stepDefination.Hooks.startUp(Hooks.java:27)
</pre></div></td>
<td>0</td>
<td>com.mindtree.runner.TestRunner@2cdd0d4b</td></tr>
<tr>
<td title='com.mindtree.runner.TestRunner.runScenario()'><b>runScenario</b><br>Test class: com.mindtree.runner.TestRunner<br>Test method: Runs Cucumber Scenarios<br>Parameters: "Validating Text is displayed after filling the fields", "Optional[Corporate car Rental under services]"</td>
<td><div><pre>java.lang.IllegalStateException: The driver executable does not exist: C:\Users\Kiran\Downloads\MilestoneAssesmentt4\MilestoneAssesmentt4\driver\chromedriver.exe
	at com.google.common.base.Preconditions.checkState(Preconditions.java:585)
	at org.openqa.selenium.remote.service.DriverService.checkExecutable(DriverService.java:146)
	at org.openqa.selenium.remote.service.DriverService.findExecutable(DriverService.java:141)
	at org.openqa.selenium.chrome.ChromeDriverService.access$000(ChromeDriverService.java:35)
	at org.openqa.selenium.chrome.ChromeDriverService$Builder.findDefaultExecutable(ChromeDriverService.java:159)
	at org.openqa.selenium.remote.service.DriverService$Builder.build(DriverService.java:355)
	at org.openqa.selenium.chrome.ChromeDriverService.createDefaultService(ChromeDriverService.java:94)
	at org.openqa.selenium.chrome.ChromeDriver.&lt;init&gt;(ChromeDriver.java:123)
	at com.mindtree.manager.WebDriverManager.getDriver(WebDriverManager.java:29)
	at com.mindtree.stepDefination.Hooks.startUp(Hooks.java:27)
</pre></div><a href='#' onClick='toggleBox("stack-trace1617937669", this, "Click to show all stack frames", "Click to hide stack frames")'>Click to show all stack frames</a>
<div class='stack-trace' id='stack-trace1617937669'><pre>java.lang.IllegalStateException: The driver executable does not exist: C:\Users\Kiran\Downloads\MilestoneAssesmentt4\MilestoneAssesmentt4\driver\chromedriver.exe
	at com.google.common.base.Preconditions.checkState(Preconditions.java:585)
	at org.openqa.selenium.remote.service.DriverService.checkExecutable(DriverService.java:146)
	at org.openqa.selenium.remote.service.DriverService.findExecutable(DriverService.java:141)
	at org.openqa.selenium.chrome.ChromeDriverService.access$000(ChromeDriverService.java:35)
	at org.openqa.selenium.chrome.ChromeDriverService$Builder.findDefaultExecutable(ChromeDriverService.java:159)
	at org.openqa.selenium.remote.service.DriverService$Builder.build(DriverService.java:355)
	at org.openqa.selenium.chrome.ChromeDriverService.createDefaultService(ChromeDriverService.java:94)
	at org.openqa.selenium.chrome.ChromeDriver.&lt;init&gt;(ChromeDriver.java:123)
	at com.mindtree.manager.WebDriverManager.getDriver(WebDriverManager.java:29)
	at com.mindtree.stepDefination.Hooks.startUp(Hooks.java:27)
</pre></div></td>
<td>0</td>
<td>com.mindtree.runner.TestRunner@2cdd0d4b</td></tr>
<tr>
<td title='com.mindtree.runner.TestRunner.runScenario()'><b>runScenario</b><br>Test class: com.mindtree.runner.TestRunner<br>Test method: Runs Cucumber Scenarios<br>Parameters: "Validating the North route", "Optional[One way cab]"</td>
<td><div><pre>java.lang.IllegalStateException: The driver executable does not exist: C:\Users\Kiran\Downloads\MilestoneAssesmentt4\MilestoneAssesmentt4\driver\chromedriver.exe
	at com.google.common.base.Preconditions.checkState(Preconditions.java:585)
	at org.openqa.selenium.remote.service.DriverService.checkExecutable(DriverService.java:146)
	at org.openqa.selenium.remote.service.DriverService.findExecutable(DriverService.java:141)
	at org.openqa.selenium.chrome.ChromeDriverService.access$000(ChromeDriverService.java:35)
	at org.openqa.selenium.chrome.ChromeDriverService$Builder.findDefaultExecutable(ChromeDriverService.java:159)
	at org.openqa.selenium.remote.service.DriverService$Builder.build(DriverService.java:355)
	at org.openqa.selenium.chrome.ChromeDriverService.createDefaultService(ChromeDriverService.java:94)
	at org.openqa.selenium.chrome.ChromeDriver.&lt;init&gt;(ChromeDriver.java:123)
	at com.mindtree.manager.WebDriverManager.getDriver(WebDriverManager.java:29)
	at com.mindtree.stepDefination.Hooks.startUp(Hooks.java:27)
</pre></div><a href='#' onClick='toggleBox("stack-trace495857386", this, "Click to show all stack frames", "Click to hide stack frames")'>Click to show all stack frames</a>
<div class='stack-trace' id='stack-trace495857386'><pre>java.lang.IllegalStateException: The driver executable does not exist: C:\Users\Kiran\Downloads\MilestoneAssesmentt4\MilestoneAssesmentt4\driver\chromedriver.exe
	at com.google.common.base.Preconditions.checkState(Preconditions.java:585)
	at org.openqa.selenium.remote.service.DriverService.checkExecutable(DriverService.java:146)
	at org.openqa.selenium.remote.service.DriverService.findExecutable(DriverService.java:141)
	at org.openqa.selenium.chrome.ChromeDriverService.access$000(ChromeDriverService.java:35)
	at org.openqa.selenium.chrome.ChromeDriverService$Builder.findDefaultExecutable(ChromeDriverService.java:159)
	at org.openqa.selenium.remote.service.DriverService$Builder.build(DriverService.java:355)
	at org.openqa.selenium.chrome.ChromeDriverService.createDefaultService(ChromeDriverService.java:94)
	at org.openqa.selenium.chrome.ChromeDriver.&lt;init&gt;(ChromeDriver.java:123)
	at com.mindtree.manager.WebDriverManager.getDriver(WebDriverManager.java:29)
	at com.mindtree.stepDefination.Hooks.startUp(Hooks.java:27)
</pre></div></td>
<td>0</td>
<td>com.mindtree.runner.TestRunner@2cdd0d4b</td></tr>
<tr>
<td title='com.mindtree.runner.TestRunner.runScenario()'><b>runScenario</b><br>Test class: com.mindtree.runner.TestRunner<br>Test method: Runs Cucumber Scenarios<br>Parameters: "Outstaion cab services", "Optional[Outsation path]"</td>
<td><div><pre>java.lang.IllegalStateException: The driver executable does not exist: C:\Users\Kiran\Downloads\MilestoneAssesmentt4\MilestoneAssesmentt4\driver\chromedriver.exe
	at com.google.common.base.Preconditions.checkState(Preconditions.java:585)
	at org.openqa.selenium.remote.service.DriverService.checkExecutable(DriverService.java:146)
	at org.openqa.selenium.remote.service.DriverService.findExecutable(DriverService.java:141)
	at org.openqa.selenium.chrome.ChromeDriverService.access$000(ChromeDriverService.java:35)
	at org.openqa.selenium.chrome.ChromeDriverService$Builder.findDefaultExecutable(ChromeDriverService.java:159)
	at org.openqa.selenium.remote.service.DriverService$Builder.build(DriverService.java:355)
	at org.openqa.selenium.chrome.ChromeDriverService.createDefaultService(ChromeDriverService.java:94)
	at org.openqa.selenium.chrome.ChromeDriver.&lt;init&gt;(ChromeDriver.java:123)
	at com.mindtree.manager.WebDriverManager.getDriver(WebDriverManager.java:29)
	at com.mindtree.stepDefination.Hooks.startUp(Hooks.java:27)
</pre></div><a href='#' onClick='toggleBox("stack-trace1227459815", this, "Click to show all stack frames", "Click to hide stack frames")'>Click to show all stack frames</a>
<div class='stack-trace' id='stack-trace1227459815'><pre>java.lang.IllegalStateException: The driver executable does not exist: C:\Users\Kiran\Downloads\MilestoneAssesmentt4\MilestoneAssesmentt4\driver\chromedriver.exe
	at com.google.common.base.Preconditions.checkState(Preconditions.java:585)
	at org.openqa.selenium.remote.service.DriverService.checkExecutable(DriverService.java:146)
	at org.openqa.selenium.remote.service.DriverService.findExecutable(DriverService.java:141)
	at org.openqa.selenium.chrome.ChromeDriverService.access$000(ChromeDriverService.java:35)
	at org.openqa.selenium.chrome.ChromeDriverService$Builder.findDefaultExecutable(ChromeDriverService.java:159)
	at org.openqa.selenium.remote.service.DriverService$Builder.build(DriverService.java:355)
	at org.openqa.selenium.chrome.ChromeDriverService.createDefaultService(ChromeDriverService.java:94)
	at org.openqa.selenium.chrome.ChromeDriver.&lt;init&gt;(ChromeDriver.java:123)
	at com.mindtree.manager.WebDriverManager.getDriver(WebDriverManager.java:29)
	at com.mindtree.stepDefination.Hooks.startUp(Hooks.java:27)
</pre></div></td>
<td>0</td>
<td>com.mindtree.runner.TestRunner@2cdd0d4b</td></tr>
<tr>
<td title='com.mindtree.runner.TestRunner.runScenario()'><b>runScenario</b><br>Test class: com.mindtree.runner.TestRunner<br>Test method: Runs Cucumber Scenarios<br>Parameters: "Outstaion cab services", "Optional[Outsation path]"</td>
<td><div><pre>java.lang.IllegalStateException: The driver executable does not exist: C:\Users\Kiran\Downloads\MilestoneAssesmentt4\MilestoneAssesmentt4\driver\chromedriver.exe
	at com.google.common.base.Preconditions.checkState(Preconditions.java:585)
	at org.openqa.selenium.remote.service.DriverService.checkExecutable(DriverService.java:146)
	at org.openqa.selenium.remote.service.DriverService.findExecutable(DriverService.java:141)
	at org.openqa.selenium.chrome.ChromeDriverService.access$000(ChromeDriverService.java:35)
	at org.openqa.selenium.chrome.ChromeDriverService$Builder.findDefaultExecutable(ChromeDriverService.java:159)
	at org.openqa.selenium.remote.service.DriverService$Builder.build(DriverService.java:355)
	at org.openqa.selenium.chrome.ChromeDriverService.createDefaultService(ChromeDriverService.java:94)
	at org.openqa.selenium.chrome.ChromeDriver.&lt;init&gt;(ChromeDriver.java:123)
	at com.mindtree.manager.WebDriverManager.getDriver(WebDriverManager.java:29)
	at com.mindtree.stepDefination.Hooks.startUp(Hooks.java:27)
</pre></div><a href='#' onClick='toggleBox("stack-trace1346354118", this, "Click to show all stack frames", "Click to hide stack frames")'>Click to show all stack frames</a>
<div class='stack-trace' id='stack-trace1346354118'><pre>java.lang.IllegalStateException: The driver executable does not exist: C:\Users\Kiran\Downloads\MilestoneAssesmentt4\MilestoneAssesmentt4\driver\chromedriver.exe
	at com.google.common.base.Preconditions.checkState(Preconditions.java:585)
	at org.openqa.selenium.remote.service.DriverService.checkExecutable(DriverService.java:146)
	at org.openqa.selenium.remote.service.DriverService.findExecutable(DriverService.java:141)
	at org.openqa.selenium.chrome.ChromeDriverService.access$000(ChromeDriverService.java:35)
	at org.openqa.selenium.chrome.ChromeDriverService$Builder.findDefaultExecutable(ChromeDriverService.java:159)
	at org.openqa.selenium.remote.service.DriverService$Builder.build(DriverService.java:355)
	at org.openqa.selenium.chrome.ChromeDriverService.createDefaultService(ChromeDriverService.java:94)
	at org.openqa.selenium.chrome.ChromeDriver.&lt;init&gt;(ChromeDriver.java:123)
	at com.mindtree.manager.WebDriverManager.getDriver(WebDriverManager.java:29)
	at com.mindtree.stepDefination.Hooks.startUp(Hooks.java:27)
</pre></div></td>
<td>0</td>
<td>com.mindtree.runner.TestRunner@2cdd0d4b</td></tr>
<tr>
<td title='com.mindtree.runner.TestRunner.runScenario()'><b>runScenario</b><br>Test class: com.mindtree.runner.TestRunner<br>Test method: Runs Cucumber Scenarios<br>Parameters: "Checking Login", "Optional[Login Validation]"</td>
<td><div><pre>java.lang.IllegalStateException: The driver executable does not exist: C:\Users\Kiran\Downloads\MilestoneAssesmentt4\MilestoneAssesmentt4\driver\chromedriver.exe
	at com.google.common.base.Preconditions.checkState(Preconditions.java:585)
	at org.openqa.selenium.remote.service.DriverService.checkExecutable(DriverService.java:146)
	at org.openqa.selenium.remote.service.DriverService.findExecutable(DriverService.java:141)
	at org.openqa.selenium.chrome.ChromeDriverService.access$000(ChromeDriverService.java:35)
	at org.openqa.selenium.chrome.ChromeDriverService$Builder.findDefaultExecutable(ChromeDriverService.java:159)
	at org.openqa.selenium.remote.service.DriverService$Builder.build(DriverService.java:355)
	at org.openqa.selenium.chrome.ChromeDriverService.createDefaultService(ChromeDriverService.java:94)
	at org.openqa.selenium.chrome.ChromeDriver.&lt;init&gt;(ChromeDriver.java:123)
	at com.mindtree.manager.WebDriverManager.getDriver(WebDriverManager.java:29)
	at com.mindtree.stepDefination.Hooks.startUp(Hooks.java:27)
</pre></div><a href='#' onClick='toggleBox("stack-trace1744713739", this, "Click to show all stack frames", "Click to hide stack frames")'>Click to show all stack frames</a>
<div class='stack-trace' id='stack-trace1744713739'><pre>java.lang.IllegalStateException: The driver executable does not exist: C:\Users\Kiran\Downloads\MilestoneAssesmentt4\MilestoneAssesmentt4\driver\chromedriver.exe
	at com.google.common.base.Preconditions.checkState(Preconditions.java:585)
	at org.openqa.selenium.remote.service.DriverService.checkExecutable(DriverService.java:146)
	at org.openqa.selenium.remote.service.DriverService.findExecutable(DriverService.java:141)
	at org.openqa.selenium.chrome.ChromeDriverService.access$000(ChromeDriverService.java:35)
	at org.openqa.selenium.chrome.ChromeDriverService$Builder.findDefaultExecutable(ChromeDriverService.java:159)
	at org.openqa.selenium.remote.service.DriverService$Builder.build(DriverService.java:355)
	at org.openqa.selenium.chrome.ChromeDriverService.createDefaultService(ChromeDriverService.java:94)
	at org.openqa.selenium.chrome.ChromeDriver.&lt;init&gt;(ChromeDriver.java:123)
	at com.mindtree.manager.WebDriverManager.getDriver(WebDriverManager.java:29)
	at com.mindtree.stepDefination.Hooks.startUp(Hooks.java:27)
</pre></div></td>
<td>0</td>
<td>com.mindtree.runner.TestRunner@2cdd0d4b</td></tr>
</table><p>
</body>
</html>